# JRE version: OpenJDK Runtime Environment (8.0_212-b04) (build 1.8.0_212-release-1586-b04)
# Java VM: OpenJDK 64-Bit Server VM (25.212-b04 mixed mode windows-amd64 compressed oops)
Heap:
 PSYoungGen      total 368640K, used 244590K [0x00000000e0000000, 0x00000000ff400000, 0x0000000100000000)
  eden space 295424K, 80% used [0x00000000e0000000,0x00000000ee788b10,0x00000000f2080000)
  from space 73216K, 10% used [0x00000000f2080000,0x00000000f27d2dd8,0x00000000f6800000)
  to   space 71680K, 0% used [0x00000000fae00000,0x00000000fae00000,0x00000000ff400000)
 ParOldGen       total 304128K, used 143003K [0x00000000a0000000, 0x00000000b2900000, 0x00000000e0000000)
  object space 304128K, 47% used [0x00000000a0000000,0x00000000a8ba6e28,0x00000000b2900000)
 Metaspace       used 77774K, capacity 81072K, committed 81280K, reserved 1120256K
  class space    used 10595K, capacity 11294K, committed 11392K, reserved 1048576K
GC Heap History (10 events):
Event: 12.475 GC heap before
{Heap before GC invocations=15 (full 3):
 PSYoungGen      total 199680K, used 177664K [0x00000000e0000000, 0x00000000f2900000, 0x0000000100000000)
  eden space 177664K, 100% used [0x00000000e0000000,0x00000000ead80000,0x00000000ead80000)
  from space 22016K, 0% used [0x00000000ead80000,0x00000000ead80000,0x00000000ec300000)
  to   space 24064K, 0% used [0x00000000f1180000,0x00000000f1180000,0x00000000f2900000)
 ParOldGen       total 136192K, used 33399K [0x00000000a0000000, 0x00000000a8500000, 0x00000000e0000000)
  object space 136192K, 24% used [0x00000000a0000000,0x00000000a209ddb8,0x00000000a8500000)
 Metaspace       used 59824K, capacity 62020K, committed 62208K, reserved 1103872K
  class space    used 8206K, capacity 8692K, committed 8704K, reserved 1048576K
Event: 12.492 GC heap after
Heap after GC invocations=15 (full 3):
 PSYoungGen      total 253440K, used 13621K [0x00000000e0000000, 0x00000000f1f00000, 0x0000000100000000)
  eden space 239616K, 0% used [0x00000000e0000000,0x00000000e0000000,0x00000000eea00000)
  from space 13824K, 98% used [0x00000000f1180000,0x00000000f1ecd4f8,0x00000000f1f00000)
  to   space 23552K, 0% used [0x00000000ef100000,0x00000000ef100000,0x00000000f0800000)
 ParOldGen       total 136192K, used 33407K [0x00000000a0000000, 0x00000000a8500000, 0x00000000e0000000)
  object space 136192K, 24% used [0x00000000a0000000,0x00000000a209fdb8,0x00000000a8500000)
 Metaspace       used 59824K, capacity 62020K, committed 62208K, reserved 1103872K
  class space    used 8206K, capacity 8692K, committed 8704K, reserved 1048576K
}
Event: 14.510 GC heap before
{Heap before GC invocations=16 (full 3):
 PSYoungGen      total 253440K, used 253237K [0x00000000e0000000, 0x00000000f1f00000, 0x0000000100000000)
  eden space 239616K, 100% used [0x00000000e0000000,0x00000000eea00000,0x00000000eea00000)
  from space 13824K, 98% used [0x00000000f1180000,0x00000000f1ecd4f8,0x00000000f1f00000)
  to   space 23552K, 0% used [0x00000000ef100000,0x00000000ef100000,0x00000000f0800000)
 ParOldGen       total 136192K, used 33407K [0x00000000a0000000, 0x00000000a8500000, 0x00000000e0000000)
  object space 136192K, 24% used [0x00000000a0000000,0x00000000a209fdb8,0x00000000a8500000)
 Metaspace       used 66448K, capacity 69072K, committed 69248K, reserved 1107968K
  class space    used 9241K, capacity 9798K, committed 9856K, reserved 1048576K
Event: 14.596 GC heap after
Heap after GC invocations=16 (full 3):
 PSYoungGen      total 270336K, used 23524K [0x00000000e0000000, 0x00000000f9580000, 0x0000000100000000)
  eden space 246784K, 0% used [0x00000000e0000000,0x00000000e0000000,0x00000000ef100000)
  from space 23552K, 99% used [0x00000000ef100000,0x00000000f07f9070,0x00000000f0800000)
  to   space 46592K, 0% used [0x00000000f6800000,0x00000000f6800000,0x00000000f9580000)
 ParOldGen       total 136192K, used 87287K [0x00000000a0000000, 0x00000000a8500000, 0x00000000e0000000)
  object space 136192K, 64% used [0x00000000a0000000,0x00000000a553dda8,0x00000000a8500000)
 Metaspace       used 66448K, capacity 69072K, committed 69248K, reserved 1107968K
  class space    used 9241K, capacity 9798K, committed 9856K, reserved 1048576K
}
Event: 16.568 GC heap before
{Heap before GC invocations=17 (full 3):
 PSYoungGen      total 270336K, used 270308K [0x00000000e0000000, 0x00000000f9580000, 0x0000000100000000)
  eden space 246784K, 100% used [0x00000000e0000000,0x00000000ef100000,0x00000000ef100000)
  from space 23552K, 99% used [0x00000000ef100000,0x00000000f07f9070,0x00000000f0800000)
  to   space 46592K, 0% used [0x00000000f6800000,0x00000000f6800000,0x00000000f9580000)
 ParOldGen       total 136192K, used 87287K [0x00000000a0000000, 0x00000000a8500000, 0x00000000e0000000)
  object space 136192K, 64% used [0x00000000a0000000,0x00000000a553dda8,0x00000000a8500000)
 Metaspace       used 68125K, capacity 70984K, committed 71040K, reserved 1110016K
  class space    used 9455K, capacity 10078K, committed 10112K, reserved 1048576K
Event: 16.735 GC heap after
Heap after GC invocations=17 (full 3):
 PSYoungGen      total 342016K, used 46583K [0x00000000e0000000, 0x00000000fda00000, 0x0000000100000000)
  eden space 295424K, 0% used [0x00000000e0000000,0x00000000e0000000,0x00000000f2080000)
  from space 46592K, 99% used [0x00000000f6800000,0x00000000f957de30,0x00000000f9580000)
  to   space 73216K, 0% used [0x00000000f2080000,0x00000000f2080000,0x00000000f6800000)
 ParOldGen       total 138240K, used 138087K [0x00000000a0000000, 0x00000000a8700000, 0x00000000e0000000)
  object space 138240K, 99% used [0x00000000a0000000,0x00000000a86d9d00,0x00000000a8700000)
 Metaspace       used 68125K, capacity 70984K, committed 71040K, reserved 1110016K
  class space    used 9455K, capacity 10078K, committed 10112K, reserved 1048576K
}
Event: 16.735 GC heap before
{Heap before GC invocations=18 (full 4):
 PSYoungGen      total 342016K, used 46583K [0x00000000e0000000, 0x00000000fda00000, 0x0000000100000000)
  eden space 295424K, 0% used [0x00000000e0000000,0x00000000e0000000,0x00000000f2080000)
  from space 46592K, 99% used [0x00000000f6800000,0x00000000f957de30,0x00000000f9580000)
  to   space 73216K, 0% used [0x00000000f2080000,0x00000000f2080000,0x00000000f6800000)
 ParOldGen       total 138240K, used 138087K [0x00000000a0000000, 0x00000000a8700000, 0x00000000e0000000)
  object space 138240K, 99% used [0x00000000a0000000,0x00000000a86d9d00,0x00000000a8700000)
 Metaspace       used 68125K, capacity 70984K, committed 71040K, reserved 1110016K
  class space    used 9455K, capacity 10078K, committed 10112K, reserved 1048576K
Event: 17.808 GC heap after
Heap after GC invocations=18 (full 4):
 PSYoungGen      total 342016K, used 16669K [0x00000000e0000000, 0x00000000fda00000, 0x0000000100000000)
  eden space 295424K, 0% used [0x00000000e0000000,0x00000000e0000000,0x00000000f2080000)
  from space 46592K, 35% used [0x00000000f6800000,0x00000000f7847440,0x00000000f9580000)
  to   space 73216K, 0% used [0x00000000f2080000,0x00000000f2080000,0x00000000f6800000)
 ParOldGen       total 304128K, used 138067K [0x00000000a0000000, 0x00000000b2900000, 0x00000000e0000000)
  object space 304128K, 45% used [0x00000000a0000000,0x00000000a86d4e28,0x00000000b2900000)
 Metaspace       used 68003K, capacity 70650K, committed 71040K, reserved 1110016K
  class space    used 9415K, capacity 10007K, committed 10112K, reserved 1048576K
}
Event: 20.826 GC heap before
{Heap before GC invocations=19 (full 4):
 PSYoungGen      total 342016K, used 312093K [0x00000000e0000000, 0x00000000fda00000, 0x0000000100000000)
  eden space 295424K, 100% used [0x00000000e0000000,0x00000000f2080000,0x00000000f2080000)
  from space 46592K, 35% used [0x00000000f6800000,0x00000000f7847440,0x00000000f9580000)
  to   space 73216K, 0% used [0x00000000f2080000,0x00000000f2080000,0x00000000f6800000)
 ParOldGen       total 304128K, used 138067K [0x00000000a0000000, 0x00000000b2900000, 0x00000000e0000000)
  object space 304128K, 45% used [0x00000000a0000000,0x00000000a86d4e28,0x00000000b2900000)
 Metaspace       used 71272K, capacity 74106K, committed 74240K, reserved 1114112K
  class space    used 9850K, capacity 10461K, committed 10496K, reserved 1048576K
Event: 20.879 GC heap after
Heap after GC invocations=19 (full 4):
 PSYoungGen      total 368640K, used 7499K [0x00000000e0000000, 0x00000000ff400000, 0x0000000100000000)
  eden space 295424K, 0% used [0x00000000e0000000,0x00000000e0000000,0x00000000f2080000)
  from space 73216K, 10% used [0x00000000f2080000,0x00000000f27d2dd8,0x00000000f6800000)
  to   space 71680K, 0% used [0x00000000fae00000,0x00000000fae00000,0x00000000ff400000)
 ParOldGen       total 304128K, used 143003K [0x00000000a0000000, 0x00000000b2900000, 0x00000000e0000000)
  object space 304128K, 47% used [0x00000000a0000000,0x00000000a8ba6e28,0x00000000b2900000)
 Metaspace       used 71272K, capacity 74106K, committed 74240K, reserved 1114112K
  class space    used 9850K, capacity 10461K, committed 10496K, reserved 1048576K
}

