# JRE version: OpenJDK Runtime Environment (8.0_212-b04) (build 1.8.0_212-release-1586-b04)
# Java VM: OpenJDK 64-Bit Server VM (25.212-b04 mixed mode windows-amd64 compressed oops)
Heap:
 PSYoungGen      total 442368K, used 439710K [0x00000000e0000000, 0x00000000ffe00000, 0x0000000100000000)
  eden space 432640K, 99% used [0x00000000e0000000,0x00000000fa409dc0,0x00000000fa680000)
  from space 9728K, 98% used [0x00000000fa680000,0x00000000fafdda60,0x00000000fb000000)
  to   space 44544K, 0% used [0x00000000fd280000,0x00000000fd280000,0x00000000ffe00000)
 ParOldGen       total 260608K, used 181815K [0x00000000a0000000, 0x00000000afe80000, 0x00000000e0000000)
  object space 260608K, 69% used [0x00000000a0000000,0x00000000ab18de80,0x00000000afe80000)
 Metaspace       used 92783K, capacity 96504K, committed 96768K, reserved 1132544K
  class space    used 11915K, capacity 12654K, committed 12800K, reserved 1048576K
GC Heap History (10 events):
Event: 62.486 GC heap before
{Heap before GC invocations=51 (full 4):
 PSYoungGen      total 475136K, used 453600K [0x00000000e0000000, 0x00000000ffd80000, 0x0000000100000000)
  eden space 429568K, 100% used [0x00000000e0000000,0x00000000fa380000,0x00000000fa380000)
  from space 45568K, 52% used [0x00000000fd100000,0x00000000fe878078,0x00000000ffd80000)
  to   space 46080K, 0% used [0x00000000fa380000,0x00000000fa380000,0x00000000fd080000)
 ParOldGen       total 260608K, used 135215K [0x00000000a0000000, 0x00000000afe80000, 0x00000000e0000000)
  object space 260608K, 51% used [0x00000000a0000000,0x00000000a840bdc0,0x00000000afe80000)
 Metaspace       used 91598K, capacity 95178K, committed 95872K, reserved 1132544K
  class space    used 11793K, capacity 12479K, committed 12672K, reserved 1048576K
Event: 62.524 GC heap after
Heap after GC invocations=51 (full 4):
 PSYoungGen      total 475648K, used 18582K [0x00000000e0000000, 0x00000000ffd80000, 0x0000000100000000)
  eden space 429568K, 0% used [0x00000000e0000000,0x00000000e0000000,0x00000000fa380000)
  from space 46080K, 40% used [0x00000000fa380000,0x00000000fb5a5920,0x00000000fd080000)
  to   space 44544K, 0% used [0x00000000fd200000,0x00000000fd200000,0x00000000ffd80000)
 ParOldGen       total 260608K, used 154211K [0x00000000a0000000, 0x00000000afe80000, 0x00000000e0000000)
  object space 260608K, 59% used [0x00000000a0000000,0x00000000a9698dc8,0x00000000afe80000)
 Metaspace       used 91598K, capacity 95178K, committed 95872K, reserved 1132544K
  class space    used 11793K, capacity 12479K, committed 12672K, reserved 1048576K
}
Event: 63.399 GC heap before
{Heap before GC invocations=52 (full 4):
 PSYoungGen      total 475648K, used 448150K [0x00000000e0000000, 0x00000000ffd80000, 0x0000000100000000)
  eden space 429568K, 100% used [0x00000000e0000000,0x00000000fa380000,0x00000000fa380000)
  from space 46080K, 40% used [0x00000000fa380000,0x00000000fb5a5920,0x00000000fd080000)
  to   space 44544K, 0% used [0x00000000fd200000,0x00000000fd200000,0x00000000ffd80000)
 ParOldGen       total 260608K, used 154211K [0x00000000a0000000, 0x00000000afe80000, 0x00000000e0000000)
  object space 260608K, 59% used [0x00000000a0000000,0x00000000a9698dc8,0x00000000afe80000)
 Metaspace       used 91601K, capacity 95178K, committed 95872K, reserved 1132544K
  class space    used 11793K, capacity 12479K, committed 12672K, reserved 1048576K
Event: 63.419 GC heap after
Heap after GC invocations=52 (full 4):
 PSYoungGen      total 476160K, used 4800K [0x00000000e0000000, 0x0000000100000000, 0x0000000100000000)
  eden space 431616K, 0% used [0x00000000e0000000,0x00000000e0000000,0x00000000fa580000)
  from space 44544K, 10% used [0x00000000fd200000,0x00000000fd6b0000,0x00000000ffd80000)
  to   space 45568K, 0% used [0x00000000fa580000,0x00000000fa580000,0x00000000fd200000)
 ParOldGen       total 260608K, used 170413K [0x00000000a0000000, 0x00000000afe80000, 0x00000000e0000000)
  object space 260608K, 65% used [0x00000000a0000000,0x00000000aa66b768,0x00000000afe80000)
 Metaspace       used 91601K, capacity 95178K, committed 95872K, reserved 1132544K
  class space    used 11793K, capacity 12479K, committed 12672K, reserved 1048576K
}
Event: 64.316 GC heap before
{Heap before GC invocations=53 (full 4):
 PSYoungGen      total 476160K, used 436416K [0x00000000e0000000, 0x0000000100000000, 0x0000000100000000)
  eden space 431616K, 100% used [0x00000000e0000000,0x00000000fa580000,0x00000000fa580000)
  from space 44544K, 10% used [0x00000000fd200000,0x00000000fd6b0000,0x00000000ffd80000)
  to   space 45568K, 0% used [0x00000000fa580000,0x00000000fa580000,0x00000000fd200000)
 ParOldGen       total 260608K, used 170413K [0x00000000a0000000, 0x00000000afe80000, 0x00000000e0000000)
  object space 260608K, 65% used [0x00000000a0000000,0x00000000aa66b768,0x00000000afe80000)
 Metaspace       used 91609K, capacity 95178K, committed 95872K, reserved 1132544K
  class space    used 11794K, capacity 12479K, committed 12672K, reserved 1048576K
Event: 64.334 GC heap after
Heap after GC invocations=53 (full 4):
 PSYoungGen      total 477184K, used 5324K [0x00000000e0000000, 0x0000000100000000, 0x0000000100000000)
  eden space 431616K, 0% used [0x00000000e0000000,0x00000000e0000000,0x00000000fa580000)
  from space 45568K, 11% used [0x00000000fa580000,0x00000000faab3380,0x00000000fd200000)
  to   space 46080K, 0% used [0x00000000fd300000,0x00000000fd300000,0x0000000100000000)
 ParOldGen       total 260608K, used 173545K [0x00000000a0000000, 0x00000000afe80000, 0x00000000e0000000)
  object space 260608K, 66% used [0x00000000a0000000,0x00000000aa97a778,0x00000000afe80000)
 Metaspace       used 91609K, capacity 95178K, committed 95872K, reserved 1132544K
  class space    used 11794K, capacity 12479K, committed 12672K, reserved 1048576K
}
Event: 65.289 GC heap before
{Heap before GC invocations=54 (full 4):
 PSYoungGen      total 477184K, used 436940K [0x00000000e0000000, 0x0000000100000000, 0x0000000100000000)
  eden space 431616K, 100% used [0x00000000e0000000,0x00000000fa580000,0x00000000fa580000)
  from space 45568K, 11% used [0x00000000fa580000,0x00000000faab3380,0x00000000fd200000)
  to   space 46080K, 0% used [0x00000000fd300000,0x00000000fd300000,0x0000000100000000)
 ParOldGen       total 260608K, used 173545K [0x00000000a0000000, 0x00000000afe80000, 0x00000000e0000000)
  object space 260608K, 66% used [0x00000000a0000000,0x00000000aa97a778,0x00000000afe80000)
 Metaspace       used 91730K, capacity 95350K, committed 95872K, reserved 1132544K
  class space    used 11807K, capacity 12513K, committed 12672K, reserved 1048576K
Event: 65.317 GC heap after
Heap after GC invocations=54 (full 4):
 PSYoungGen      total 478208K, used 7035K [0x00000000e0000000, 0x00000000fff80000, 0x0000000100000000)
  eden space 432640K, 0% used [0x00000000e0000000,0x00000000e0000000,0x00000000fa680000)
  from space 45568K, 15% used [0x00000000fd300000,0x00000000fd9decb0,0x00000000fff80000)
  to   space 45568K, 0% used [0x00000000fa680000,0x00000000fa680000,0x00000000fd300000)
 ParOldGen       total 260608K, used 177808K [0x00000000a0000000, 0x00000000afe80000, 0x00000000e0000000)
  object space 260608K, 68% used [0x00000000a0000000,0x00000000aada4270,0x00000000afe80000)
 Metaspace       used 91730K, capacity 95350K, committed 95872K, reserved 1132544K
  class space    used 11807K, capacity 12513K, committed 12672K, reserved 1048576K
}
Event: 66.793 GC heap before
{Heap before GC invocations=55 (full 4):
 PSYoungGen      total 478208K, used 439675K [0x00000000e0000000, 0x00000000fff80000, 0x0000000100000000)
  eden space 432640K, 100% used [0x00000000e0000000,0x00000000fa680000,0x00000000fa680000)
  from space 45568K, 15% used [0x00000000fd300000,0x00000000fd9decb0,0x00000000fff80000)
  to   space 45568K, 0% used [0x00000000fa680000,0x00000000fa680000,0x00000000fd300000)
 ParOldGen       total 260608K, used 177808K [0x00000000a0000000, 0x00000000afe80000, 0x00000000e0000000)
  object space 260608K, 68% used [0x00000000a0000000,0x00000000aada4270,0x00000000afe80000)
 Metaspace       used 92048K, capacity 95704K, committed 96128K, reserved 1132544K
  class space    used 11844K, capacity 12558K, committed 12672K, reserved 1048576K
Event: 66.814 GC heap after
Heap after GC invocations=55 (full 4):
 PSYoungGen      total 442368K, used 9590K [0x00000000e0000000, 0x00000000ffe00000, 0x0000000100000000)
  eden space 432640K, 0% used [0x00000000e0000000,0x00000000e0000000,0x00000000fa680000)
  from space 9728K, 98% used [0x00000000fa680000,0x00000000fafdda60,0x00000000fb000000)
  to   space 44544K, 0% used [0x00000000fd280000,0x00000000fd280000,0x00000000ffe00000)
 ParOldGen       total 260608K, used 181815K [0x00000000a0000000, 0x00000000afe80000, 0x00000000e0000000)
  object space 260608K, 69% used [0x00000000a0000000,0x00000000ab18de80,0x00000000afe80000)
 Metaspace       used 92048K, capacity 95704K, committed 96128K, reserved 1132544K
  class space    used 11844K, capacity 12558K, committed 12672K, reserved 1048576K
}

